-------------------------------------------------------------------------------
Test set: com.tutorialesvip.tutorialunittest.controller.IndependencyControllerTest
-------------------------------------------------------------------------------
Tests run: 1, Failures: 0, Errors: 1, Skipped: 0, Time elapsed: 0.9 s <<< FAILURE! - in com.tutorialesvip.tutorialunittest.controller.IndependencyControllerTest
getCountryDetailsWithInvalidCountryCode  Time elapsed: 0.006 s  <<< ERROR!
java.lang.IllegalStateException: Failed to load ApplicationContext
Caused by: org.springframework.context.ApplicationContextException: Unable to start web server; nested exception is org.springframework.context.ApplicationContextException: Unable to start ServletWebServerApplicationContext due to missing ServletWebServerFactory bean.
Caused by: org.springframework.context.ApplicationContextException: Unable to start ServletWebServerApplicationContext due to missing ServletWebServerFactory bean.

