-------------------------------------------------------------------------------
Test set: com.tutorialesvip.tutorialunittest.ApplicationTest
-------------------------------------------------------------------------------
Tests run: 1, Failures: 0, Errors: 1, Skipped: 0, Time elapsed: 5.261 s <<< FAILURE! - in com.tutorialesvip.tutorialunittest.ApplicationTest
main  Time elapsed: 0.907 s  <<< ERROR!
org.springframework.context.ApplicationContextException: Failed to start bean 'webServerStartStop'; nested exception is org.springframework.boot.web.server.PortInUseException: Port 8080 is already in use
	at com.tutorialesvip.tutorialunittest.ApplicationTest.main(ApplicationTest.java:12)
Caused by: org.springframework.boot.web.server.PortInUseException: Port 8080 is already in use
	at com.tutorialesvip.tutorialunittest.ApplicationTest.main(ApplicationTest.java:12)
Caused by: java.lang.IllegalArgumentException: standardService.connector.startFailed
	at com.tutorialesvip.tutorialunittest.ApplicationTest.main(ApplicationTest.java:12)
Caused by: org.apache.catalina.LifecycleException: Protocol handler start failed
	at com.tutorialesvip.tutorialunittest.ApplicationTest.main(ApplicationTest.java:12)
Caused by: java.net.BindException: Address already in use: bind
	at com.tutorialesvip.tutorialunittest.ApplicationTest.main(ApplicationTest.java:12)

